# JRE version: Java(TM) SE Runtime Environment (21.0.6+8) (build 21.0.6+8-LTS-188)
# Java VM: Java HotSpot(TM) 64-Bit Server VM (21.0.6+8-LTS-188, mixed mode, sharing, tiered, compressed oops, compressed class ptrs, g1 gc, windows-amd64)
GC Precious Log:
 CardTable entry size: 512
 Card Set container configuration: InlinePtr #cards 5 size 8 Array Of Cards #cards 12 size 40 Howl #buckets 4 coarsen threshold 1843 Howl Bitmap #cards 512 size 80 coarsen threshold 460 Card regions per heap region 1 cards per card region 2048
 CPUs: 12 total, 12 available
 Memory: 7813M
 Large Page Support: Disabled
 NUMA Support: Disabled
 Compressed Oops: Enabled (32-bit)
 Heap Region Size: 1M
 Heap Min Capacity: 256M
 Heap Initial Capacity: 256M
 Heap Max Capacity: 512M
 Pre-touch: Disabled
 Parallel Workers: 10
 Concurrent Workers: 3
 Concurrent Refinement Workers: 10
 Periodic GC: Disabled
Heap:
 garbage-first heap   total 268288K, used 173536K [0x00000000e0000000, 0x0000000100000000)
  region size 1024K, 49 young (50176K), 4 survivors (4096K)
 Metaspace       used 74995K, committed 80064K, reserved 458752K
  class space    used 9865K, committed 11712K, reserved 327680K
GC Heap History (20 events):
Event: 419.410 GC heap before
{Heap before GC invocations=12 (full 0):
 garbage-first heap   total 262144K, used 205568K [0x00000000e0000000, 0x0000000100000000)
  region size 1024K, 153 young (156672K), 16 survivors (16384K)
 Metaspace       used 65321K, committed 67584K, reserved 393216K
  class space    used 9001K, committed 10176K, reserved 327680K
}
Event: 419.434 GC heap after
{Heap after GC invocations=13 (full 0):
 garbage-first heap   total 262144K, used 72165K [0x00000000e0000000, 0x0000000100000000)
  region size 1024K, 15 young (15360K), 15 survivors (15360K)
 Metaspace       used 65321K, committed 67584K, reserved 393216K
  class space    used 9001K, committed 10176K, reserved 327680K
}
Event: 999.599 GC heap before
{Heap before GC invocations=13 (full 0):
 garbage-first heap   total 262144K, used 212453K [0x00000000e0000000, 0x0000000100000000)
  region size 1024K, 153 young (156672K), 15 survivors (15360K)
 Metaspace       used 65816K, committed 68096K, reserved 393216K
  class space    used 9014K, committed 10176K, reserved 327680K
}
Event: 999.867 GC heap after
{Heap after GC invocations=14 (full 0):
 garbage-first heap   total 262144K, used 75965K [0x00000000e0000000, 0x0000000100000000)
  region size 1024K, 13 young (13312K), 13 survivors (13312K)
 Metaspace       used 65816K, committed 68096K, reserved 393216K
  class space    used 9014K, committed 10176K, reserved 327680K
}
Event: 1081.267 GC heap before
{Heap before GC invocations=14 (full 0):
 garbage-first heap   total 262144K, used 218301K [0x00000000e0000000, 0x0000000100000000)
  region size 1024K, 153 young (156672K), 13 survivors (13312K)
 Metaspace       used 66074K, committed 68288K, reserved 393216K
  class space    used 9016K, committed 10176K, reserved 327680K
}
Event: 1081.299 GC heap after
{Heap after GC invocations=15 (full 0):
 garbage-first heap   total 262144K, used 73559K [0x00000000e0000000, 0x0000000100000000)
  region size 1024K, 9 young (9216K), 9 survivors (9216K)
 Metaspace       used 66074K, committed 68288K, reserved 393216K
  class space    used 9016K, committed 10176K, reserved 327680K
}
Event: 1103.428 GC heap before
{Heap before GC invocations=15 (full 0):
 garbage-first heap   total 262144K, used 219991K [0x00000000e0000000, 0x0000000100000000)
  region size 1024K, 153 young (156672K), 9 survivors (9216K)
 Metaspace       used 66258K, committed 68544K, reserved 393216K
  class space    used 9025K, committed 10176K, reserved 327680K
}
Event: 1103.443 GC heap after
{Heap after GC invocations=16 (full 0):
 garbage-first heap   total 262144K, used 69276K [0x00000000e0000000, 0x0000000100000000)
  region size 1024K, 5 young (5120K), 5 survivors (5120K)
 Metaspace       used 66258K, committed 68544K, reserved 393216K
  class space    used 9025K, committed 10176K, reserved 327680K
}
Event: 1105.641 GC heap before
{Heap before GC invocations=16 (full 0):
 garbage-first heap   total 262144K, used 219804K [0x00000000e0000000, 0x0000000100000000)
  region size 1024K, 153 young (156672K), 5 survivors (5120K)
 Metaspace       used 66830K, committed 69120K, reserved 393216K
  class space    used 9121K, committed 10304K, reserved 327680K
}
Event: 1105.653 GC heap after
{Heap after GC invocations=17 (full 0):
 garbage-first heap   total 262144K, used 77120K [0x00000000e0000000, 0x0000000100000000)
  region size 1024K, 13 young (13312K), 13 survivors (13312K)
 Metaspace       used 66830K, committed 69120K, reserved 393216K
  class space    used 9121K, committed 10304K, reserved 327680K
}
Event: 1107.030 GC heap before
{Heap before GC invocations=17 (full 0):
 garbage-first heap   total 262144K, used 223552K [0x00000000e0000000, 0x0000000100000000)
  region size 1024K, 153 young (156672K), 13 survivors (13312K)
 Metaspace       used 74065K, committed 76288K, reserved 393216K
  class space    used 9999K, committed 11136K, reserved 327680K
}
Event: 1107.061 GC heap after
{Heap after GC invocations=18 (full 0):
 garbage-first heap   total 268288K, used 108706K [0x00000000e0000000, 0x0000000100000000)
  region size 1024K, 20 young (20480K), 20 survivors (20480K)
 Metaspace       used 74065K, committed 76288K, reserved 393216K
  class space    used 9999K, committed 11136K, reserved 327680K
}
Event: 1107.063 GC heap before
{Heap before GC invocations=18 (full 0):
 garbage-first heap   total 268288K, used 109730K [0x00000000e0000000, 0x0000000100000000)
  region size 1024K, 21 young (21504K), 20 survivors (20480K)
 Metaspace       used 74065K, committed 76288K, reserved 393216K
  class space    used 9999K, committed 11136K, reserved 327680K
}
Event: 1107.073 GC heap after
{Heap after GC invocations=19 (full 0):
 garbage-first heap   total 268288K, used 113152K [0x00000000e0000000, 0x0000000100000000)
  region size 1024K, 2 young (2048K), 2 survivors (2048K)
 Metaspace       used 74065K, committed 76288K, reserved 393216K
  class space    used 9999K, committed 11136K, reserved 327680K
}
Event: 1108.017 GC heap before
{Heap before GC invocations=19 (full 0):
 garbage-first heap   total 268288K, used 204288K [0x00000000e0000000, 0x0000000100000000)
  region size 1024K, 92 young (94208K), 2 survivors (2048K)
 Metaspace       used 78494K, committed 80896K, reserved 458752K
  class space    used 10531K, committed 11776K, reserved 327680K
}
Event: 1108.026 GC heap after
{Heap after GC invocations=20 (full 0):
 garbage-first heap   total 268288K, used 125952K [0x00000000e0000000, 0x0000000100000000)
  region size 1024K, 12 young (12288K), 12 survivors (12288K)
 Metaspace       used 78494K, committed 80896K, reserved 458752K
  class space    used 10531K, committed 11776K, reserved 327680K
}
Event: 1110.846 GC heap before
{Heap before GC invocations=20 (full 0):
 garbage-first heap   total 268288K, used 211968K [0x00000000e0000000, 0x0000000100000000)
  region size 1024K, 97 young (99328K), 12 survivors (12288K)
 Metaspace       used 78747K, committed 81088K, reserved 458752K
  class space    used 10565K, committed 11776K, reserved 327680K
}
Event: 1110.854 GC heap after
{Heap after GC invocations=21 (full 0):
 garbage-first heap   total 268288K, used 133358K [0x00000000e0000000, 0x0000000100000000)
  region size 1024K, 9 young (9216K), 9 survivors (9216K)
 Metaspace       used 78747K, committed 81088K, reserved 458752K
  class space    used 10565K, committed 11776K, reserved 327680K
}
Event: 1111.041 GC heap before
{Heap before GC invocations=21 (full 0):
 garbage-first heap   total 268288K, used 167150K [0x00000000e0000000, 0x0000000100000000)
  region size 1024K, 43 young (44032K), 9 survivors (9216K)
 Metaspace       used 78753K, committed 81088K, reserved 458752K
  class space    used 10565K, committed 11776K, reserved 327680K
}
Event: 1111.052 GC heap after
{Heap after GC invocations=22 (full 0):
 garbage-first heap   total 268288K, used 136672K [0x00000000e0000000, 0x0000000100000000)
  region size 1024K, 4 young (4096K), 4 survivors (4096K)
 Metaspace       used 78753K, committed 81088K, reserved 458752K
  class space    used 10565K, committed 11776K, reserved 327680K
}

